<?xml version="1.0" encoding="UTF-8"?>
<testng-results ignored="0" total="1" passed="1" failed="0" skipped="0">
  <reporter-output>
  </reporter-output>
  <suite started-at="2024-09-21T16:37:06 IST" name="Suite" finished-at="2024-09-21T16:37:09 IST" duration-ms="3546">
    <groups>
    </groups>
    <test started-at="2024-09-21T16:37:06 IST" name="Test" finished-at="2024-09-21T16:37:09 IST" duration-ms="3546">
      <class name="AbhiBus.AbhiBus">
        <test-method signature="checkTitle()[pri:0, instance:AbhiBus.AbhiBus@708f5957]" started-at="2024-09-21T16:37:06 IST" name="checkTitle" finished-at="2024-09-21T16:37:09 IST" duration-ms="3514" status="PASS">
          <reporter-output>
          </reporter-output>
        </test-method> <!-- checkTitle -->
      </class> <!-- AbhiBus.AbhiBus -->
    </test> <!-- Test -->
  </suite> <!-- Suite -->
</testng-results>
