<?xml version="1.0" encoding="UTF-8"?>
<testng-results ignored="0" total="1" passed="1" failed="0" skipped="0">
  <reporter-output>
  </reporter-output>
  <suite started-at="2024-09-21T16:24:35 IST" name="Suite" finished-at="2024-09-21T16:24:38 IST" duration-ms="3005">
    <groups>
    </groups>
    <test started-at="2024-09-21T16:24:35 IST" name="Test" finished-at="2024-09-21T16:24:38 IST" duration-ms="3005">
      <class name="AbhiBus.AbhiBus">
        <test-method signature="checkTitle()[pri:0, instance:AbhiBus.AbhiBus@1bb5a082]" started-at="2024-09-21T16:24:35 IST" name="checkTitle" finished-at="2024-09-21T16:24:38 IST" duration-ms="2966" status="PASS">
          <reporter-output>
          </reporter-output>
        </test-method> <!-- checkTitle -->
      </class> <!-- AbhiBus.AbhiBus -->
    </test> <!-- Test -->
  </suite> <!-- Suite -->
</testng-results>
